<?xml version="1.0" encoding="UTF-8"?>
<!-- Generated by org.testng.reporters.JUnitXMLReporter -->
<testsuite ignored="0" hostname="DESKTOP-2OGCM6B" failures="0" tests="4" name="Test" time="25.887" errors="0" timestamp="2026-03-11T18:28:16 IST">
  <testcase classname="test.ThreeTest" name="testThree" time="0.017"/>
  <testcase classname="test.LoginTest" name="login" time="1.995"/>
  <testcase classname="test.LoginTest" name="login" time="11.855"/>
  <testcase classname="test.TestTwo" name="testwo" time="0.002"/>
</testsuite> <!-- Test -->
