<?xml version="1.0" encoding="UTF-8"?>
<testng-results ignored="0" total="4" passed="4" failed="0" skipped="0">
  <reporter-output>
  </reporter-output>
  <suite started-at="2026-03-11T18:27:50 IST" name="Suite" finished-at="2026-03-11T18:28:16 IST" duration-ms="25887">
    <groups>
    </groups>
    <test started-at="2026-03-11T18:27:50 IST" name="Test" finished-at="2026-03-11T18:28:16 IST" duration-ms="25887">
      <class name="test.TestTwo">
        <test-method signature="testwo()[pri:0, instance:test.TestTwo@1fa121e2]" started-at="2026-03-11T18:28:16 IST" name="testwo" finished-at="2026-03-11T18:28:16 IST" duration-ms="2" status="PASS">
          <reporter-output>
          </reporter-output>
        </test-method> <!-- testwo -->
      </class> <!-- test.TestTwo -->
      <class name="test.ThreeTest">
        <test-method signature="testThree()[pri:0, instance:test.ThreeTest@6c6cb480]" started-at="2026-03-11T18:27:50 IST" name="testThree" finished-at="2026-03-11T18:27:50 IST" duration-ms="17" status="PASS">
          <reporter-output>
          </reporter-output>
        </test-method> <!-- testThree -->
      </class> <!-- test.ThreeTest -->
      <class name="test.LoginTest">
        <test-method is-config="true" signature="openapplication()[pri:0, instance:test.LoginTest@45752059]" started-at="2026-03-11T18:27:50 IST" name="openapplication" finished-at="2026-03-11T18:27:56 IST" duration-ms="6095" status="PASS">
          <reporter-output>
          </reporter-output>
        </test-method> <!-- openapplication -->
        <test-method signature="login(java.lang.String,java.lang.String,java.lang.String)[pri:0, instance:test.LoginTest@45752059]" started-at="2026-03-11T18:27:56 IST" name="login" data-provider="getlogindata" finished-at="2026-03-11T18:27:58 IST" duration-ms="1995" status="PASS">
          <params>
            <param index="0">
              <value>
                <![CDATA[KrishnaSelenium@gmail.com]]>
              </value>
            </param>
            <param index="1">
              <value>
                <![CDATA[12345678]]>
              </value>
            </param>
            <param index="2">
              <value>
                <![CDATA[Successfull]]>
              </value>
            </param>
          </params>
          <reporter-output>
          </reporter-output>
        </test-method> <!-- login -->
        <test-method is-config="true" signature="closebrowser()[pri:0, instance:test.LoginTest@45752059]" started-at="2026-03-11T18:27:58 IST" name="closebrowser" finished-at="2026-03-11T18:27:58 IST" duration-ms="251" status="PASS">
          <reporter-output>
          </reporter-output>
        </test-method> <!-- closebrowser -->
        <test-method is-config="true" signature="openapplication()[pri:0, instance:test.LoginTest@45752059]" started-at="2026-03-11T18:27:58 IST" name="openapplication" finished-at="2026-03-11T18:28:03 IST" duration-ms="4572" status="PASS">
          <reporter-output>
          </reporter-output>
        </test-method> <!-- openapplication -->
        <test-method signature="login(java.lang.String,java.lang.String,java.lang.String)[pri:0, instance:test.LoginTest@45752059]" started-at="2026-03-11T18:28:03 IST" name="login" data-provider="getlogindata" finished-at="2026-03-11T18:28:15 IST" duration-ms="11855" status="PASS">
          <params>
            <param index="0">
              <value>
                <![CDATA[KrishnaSelenium123@gmail.com]]>
              </value>
            </param>
            <param index="1">
              <value>
                <![CDATA[123456789]]>
              </value>
            </param>
            <param index="2">
              <value>
                <![CDATA[Failure]]>
              </value>
            </param>
          </params>
          <reporter-output>
          </reporter-output>
        </test-method> <!-- login -->
        <test-method is-config="true" signature="closebrowser()[pri:0, instance:test.LoginTest@45752059]" started-at="2026-03-11T18:28:15 IST" name="closebrowser" finished-at="2026-03-11T18:28:16 IST" duration-ms="970" status="PASS">
          <reporter-output>
          </reporter-output>
        </test-method> <!-- closebrowser -->
      </class> <!-- test.LoginTest -->
    </test> <!-- Test -->
  </suite> <!-- Suite -->
</testng-results>
